# Домашнее задание для лекции №7

## 1. Проверить скорость выполнения сложного запроса (приложен в конце файла скриптов)
```sql
EXPLAIN ANALYZE
WITH all_place AS (
    SELECT count(s.id) as all_place, s.fkbus as fkbus
    FROM book.seat s
    group by s.fkbus
),
order_place AS (
    SELECT count(t.id) as order_place, t.fkride
    FROM book.tickets t
    group by t.fkride
)
SELECT r.id, r.startdate as depart_date, bs.city || ', ' || bs.name as busstation,  
      t.order_place, st.all_place
FROM book.ride r
JOIN book.schedule as s
      on r.fkschedule = s.id
JOIN book.busroute br
      on s.fkroute = br.id
JOIN book.busstation bs
      on br.fkbusstationfrom = bs.id
JOIN order_place t
      on t.fkride = r.id
JOIN all_place st
      on r.fkbus = st.fkbus
GROUP BY r.id, r.startdate, bs.city || ', ' || bs.name, t.order_place,st.all_place
ORDER BY r.startdate
limit 10;
```
```bash
Limit  (cost=331516.22..331516.25 rows=10 width=56) (actual time=2214.150..2214.294 rows=10 loops=1)
```
## 2. Навесить индексы на внешние ключ

```sql
CREATE INDEX idx_seat_fkbus ON book.seat USING btree (fkbus);

CREATE INDEX idx_tickets_fkride ON book.tickets USING btree (fkride);

CREATE INDEX idx_ride_fkschedule ON book.ride USING btree (fkschedule);
```

## 3. Проверить, помогли ли индексы на внешние ключи ускориться

```bash
Limit  (cost=331517.06..331517.09 rows=10 width=56) (actual time=1771.014..1771.158 rows=10 loops=1)
```